{"/home/super-kiki/Bureau/tp_bi2(v3)/middlewares/authMiddleware.js": {"path":"/home/super-kiki/Bureau/tp_bi2(v3)/middlewares/authMiddleware.js","statementMap":{"0":{"start":{"line":2,"column":12},"end":{"line":2,"column":35}},"1":{"start":{"line":4,"column":0},"end":{"line":19,"column":2}},"2":{"start":{"line":5,"column":21},"end":{"line":5,"column":49}},"3":{"start":{"line":8,"column":16},"end":{"line":8,"column":54}},"4":{"start":{"line":10,"column":2},"end":{"line":10,"column":71}},"5":{"start":{"line":10,"column":14},"end":{"line":10,"column":71}},"6":{"start":{"line":12,"column":2},"end":{"line":18,"column":3}},"7":{"start":{"line":13,"column":20},"end":{"line":13,"column":61}},"8":{"start":{"line":14,"column":4},"end":{"line":14,"column":23}},"9":{"start":{"line":15,"column":4},"end":{"line":15,"column":11}},"10":{"start":{"line":17,"column":4},"end":{"line":17,"column":54}}},"fnMap":{"0":{"name":"(anonymous_0)","decl":{"start":{"line":4,"column":17},"end":{"line":4,"column":18}},"loc":{"start":{"line":4,"column":37},"end":{"line":19,"column":1}},"line":4}},"branchMap":{"0":{"loc":{"start":{"line":8,"column":16},"end":{"line":8,"column":54}},"type":"binary-expr","locations":[{"start":{"line":8,"column":16},"end":{"line":8,"column":26}},{"start":{"line":8,"column":30},"end":{"line":8,"column":54}}],"line":8},"1":{"loc":{"start":{"line":10,"column":2},"end":{"line":10,"column":71}},"type":"if","locations":[{"start":{"line":10,"column":2},"end":{"line":10,"column":71}},{"start":{},"end":{}}],"line":10}},"s":{"0":2,"1":2,"2":6,"3":6,"4":6,"5":0,"6":6,"7":6,"8":6,"9":6,"10":0},"f":{"0":6},"b":{"0":[6,6],"1":[0,6]},"_coverageSchema":"1a1c01bbd47fc00a2c39e90264f33305004495a9","hash":"d0b01f552a4152d327c12cc8dee0e7bcb0aed764"}
,"/home/super-kiki/Bureau/tp_bi2(v3)/src/app.js": {"path":"/home/super-kiki/Bureau/tp_bi2(v3)/src/app.js","statementMap":{"0":{"start":{"line":2,"column":16},"end":{"line":2,"column":34}},"1":{"start":{"line":3,"column":0},"end":{"line":3,"column":27}},"2":{"start":{"line":4,"column":12},"end":{"line":4,"column":21}},"3":{"start":{"line":5,"column":21},"end":{"line":5,"column":45}},"4":{"start":{"line":6,"column":13},"end":{"line":6,"column":28}},"5":{"start":{"line":7,"column":13},"end":{"line":7,"column":28}},"6":{"start":{"line":10,"column":0},"end":{"line":10,"column":24}},"7":{"start":{"line":11,"column":0},"end":{"line":11,"column":24}},"8":{"start":{"line":12,"column":0},"end":{"line":12,"column":16}},"9":{"start":{"line":16,"column":0},"end":{"line":16,"column":58}},"10":{"start":{"line":20,"column":22},"end":{"line":20,"column":55}},"11":{"start":{"line":21,"column":19},"end":{"line":21,"column":49}},"12":{"start":{"line":25,"column":0},"end":{"line":25,"column":37}},"13":{"start":{"line":26,"column":0},"end":{"line":26,"column":30}},"14":{"start":{"line":30,"column":0},"end":{"line":33,"column":3}},"15":{"start":{"line":32,"column":2},"end":{"line":32,"column":63}},"16":{"start":{"line":36,"column":0},"end":{"line":39,"column":3}},"17":{"start":{"line":38,"column":2},"end":{"line":38,"column":59}},"18":{"start":{"line":41,"column":0},"end":{"line":41,"column":21}},"19":{"start":{"line":42,"column":0},"end":{"line":42,"column":44}}},"fnMap":{"0":{"name":"(anonymous_0)","decl":{"start":{"line":30,"column":13},"end":{"line":30,"column":14}},"loc":{"start":{"line":30,"column":27},"end":{"line":33,"column":1}},"line":30},"1":{"name":"(anonymous_1)","decl":{"start":{"line":36,"column":8},"end":{"line":36,"column":9}},"loc":{"start":{"line":36,"column":22},"end":{"line":39,"column":1}},"line":36}},"branchMap":{},"s":{"0":2,"1":2,"2":2,"3":2,"4":2,"5":2,"6":2,"7":2,"8":2,"9":2,"10":2,"11":2,"12":2,"13":2,"14":2,"15":0,"16":2,"17":0,"18":2,"19":2},"f":{"0":0,"1":0},"b":{},"_coverageSchema":"1a1c01bbd47fc00a2c39e90264f33305004495a9","hash":"6ace4c33a8a5cfa2e7ed0b5f54fdaec22d3cd8b0"}
,"/home/super-kiki/Bureau/tp_bi2(v3)/src/config/database.js": {"path":"/home/super-kiki/Bureau/tp_bi2(v3)/src/config/database.js","statementMap":{"0":{"start":{"line":1,"column":22},"end":{"line":1,"column":42}},"1":{"start":{"line":2,"column":0},"end":{"line":2,"column":27}},"2":{"start":{"line":4,"column":18},"end":{"line":14,"column":1}},"3":{"start":{"line":16,"column":0},"end":{"line":16,"column":27}}},"fnMap":{},"branchMap":{},"s":{"0":2,"1":2,"2":2,"3":2},"f":{},"b":{},"_coverageSchema":"1a1c01bbd47fc00a2c39e90264f33305004495a9","hash":"76bc4f849c5dfb247b68b4a8abadad571d8cad70"}
,"/home/super-kiki/Bureau/tp_bi2(v3)/src/controllers/userController.js": {"path":"/home/super-kiki/Bureau/tp_bi2(v3)/src/controllers/userController.js","statementMap":{"0":{"start":{"line":1,"column":13},"end":{"line":1,"column":38}},"1":{"start":{"line":2,"column":34},"end":{"line":2,"column":54}},"2":{"start":{"line":3,"column":15},"end":{"line":3,"column":32}},"3":{"start":{"line":4,"column":12},"end":{"line":4,"column":35}},"4":{"start":{"line":7,"column":0},"end":{"line":133,"column":2}},"5":{"start":{"line":10,"column":4},"end":{"line":15,"column":5}},"6":{"start":{"line":11,"column":19},"end":{"line":11,"column":80}},"7":{"start":{"line":12,"column":6},"end":{"line":12,"column":21}},"8":{"start":{"line":14,"column":6},"end":{"line":14,"column":51}},"9":{"start":{"line":20,"column":4},"end":{"line":38,"column":5}},"10":{"start":{"line":21,"column":29},"end":{"line":21,"column":69}},"11":{"start":{"line":22,"column":19},"end":{"line":25,"column":8}},"12":{"start":{"line":26,"column":34},"end":{"line":26,"column":47}},"13":{"start":{"line":27,"column":6},"end":{"line":27,"column":42}},"14":{"start":{"line":29,"column":6},"end":{"line":29,"column":48}},"15":{"start":{"line":31,"column":6},"end":{"line":37,"column":7}},"16":{"start":{"line":32,"column":8},"end":{"line":34,"column":11}},"17":{"start":{"line":36,"column":8},"end":{"line":36,"column":53}},"18":{"start":{"line":43,"column":4},"end":{"line":60,"column":5}},"19":{"start":{"line":44,"column":22},"end":{"line":44,"column":35}},"20":{"start":{"line":45,"column":22},"end":{"line":45,"column":37}},"21":{"start":{"line":46,"column":6},"end":{"line":48,"column":7}},"22":{"start":{"line":47,"column":8},"end":{"line":47,"column":67}},"23":{"start":{"line":49,"column":24},"end":{"line":51,"column":8}},"24":{"start":{"line":52,"column":6},"end":{"line":52,"column":85}},"25":{"start":{"line":52,"column":20},"end":{"line":52,"column":85}},"26":{"start":{"line":54,"column":19},"end":{"line":56,"column":8}},"27":{"start":{"line":57,"column":6},"end":{"line":57,"column":21}},"28":{"start":{"line":59,"column":6},"end":{"line":59,"column":51}},"29":{"start":{"line":65,"column":31},"end":{"line":65,"column":39}},"30":{"start":{"line":66,"column":4},"end":{"line":100,"column":5}},"31":{"start":{"line":67,"column":19},"end":{"line":67,"column":80}},"32":{"start":{"line":68,"column":6},"end":{"line":68,"column":83}},"33":{"start":{"line":68,"column":17},"end":{"line":68,"column":83}},"34":{"start":{"line":72,"column":20},"end":{"line":72,"column":65}},"35":{"start":{"line":73,"column":6},"end":{"line":73,"column":83}},"36":{"start":{"line":73,"column":18},"end":{"line":73,"column":83}},"37":{"start":{"line":77,"column":26},"end":{"line":81,"column":7}},"38":{"start":{"line":83,"column":27},"end":{"line":87,"column":7}},"39":{"start":{"line":90,"column":6},"end":{"line":95,"column":9}},"40":{"start":{"line":97,"column":6},"end":{"line":97,"column":32}},"41":{"start":{"line":99,"column":6},"end":{"line":99,"column":51}},"42":{"start":{"line":104,"column":18},"end":{"line":104,"column":42}},"43":{"start":{"line":105,"column":4},"end":{"line":105,"column":93}},"44":{"start":{"line":105,"column":16},"end":{"line":105,"column":93}},"45":{"start":{"line":107,"column":4},"end":{"line":121,"column":5}},"46":{"start":{"line":108,"column":22},"end":{"line":108,"column":71}},"47":{"start":{"line":109,"column":19},"end":{"line":109,"column":50}},"48":{"start":{"line":110,"column":6},"end":{"line":110,"column":83}},"49":{"start":{"line":110,"column":17},"end":{"line":110,"column":83}},"50":{"start":{"line":112,"column":29},"end":{"line":116,"column":7}},"51":{"start":{"line":118,"column":6},"end":{"line":118,"column":48}},"52":{"start":{"line":120,"column":6},"end":{"line":120,"column":86}},"53":{"start":{"line":126,"column":4},"end":{"line":130,"column":7}},"54":{"start":{"line":131,"column":4},"end":{"line":131,"column":27}}},"fnMap":{"0":{"name":"(anonymous_0)","decl":{"start":{"line":9,"column":10},"end":{"line":9,"column":11}},"loc":{"start":{"line":9,"column":30},"end":{"line":16,"column":3}},"line":9},"1":{"name":"(anonymous_1)","decl":{"start":{"line":19,"column":10},"end":{"line":19,"column":11}},"loc":{"start":{"line":19,"column":30},"end":{"line":39,"column":3}},"line":19},"2":{"name":"(anonymous_2)","decl":{"start":{"line":42,"column":10},"end":{"line":42,"column":11}},"loc":{"start":{"line":42,"column":30},"end":{"line":61,"column":3}},"line":42},"3":{"name":"(anonymous_3)","decl":{"start":{"line":64,"column":9},"end":{"line":64,"column":10}},"loc":{"start":{"line":64,"column":29},"end":{"line":101,"column":3}},"line":64},"4":{"name":"(anonymous_4)","decl":{"start":{"line":103,"column":11},"end":{"line":103,"column":12}},"loc":{"start":{"line":103,"column":31},"end":{"line":122,"column":3}},"line":103},"5":{"name":"(anonymous_5)","decl":{"start":{"line":125,"column":10},"end":{"line":125,"column":11}},"loc":{"start":{"line":125,"column":24},"end":{"line":132,"column":3}},"line":125}},"branchMap":{"0":{"loc":{"start":{"line":31,"column":6},"end":{"line":37,"column":7}},"type":"if","locations":[{"start":{"line":31,"column":6},"end":{"line":37,"column":7}},{"start":{"line":35,"column":13},"end":{"line":37,"column":7}}],"line":31},"1":{"loc":{"start":{"line":46,"column":6},"end":{"line":48,"column":7}},"type":"if","locations":[{"start":{"line":46,"column":6},"end":{"line":48,"column":7}},{"start":{},"end":{}}],"line":46},"2":{"loc":{"start":{"line":52,"column":6},"end":{"line":52,"column":85}},"type":"if","locations":[{"start":{"line":52,"column":6},"end":{"line":52,"column":85}},{"start":{},"end":{}}],"line":52},"3":{"loc":{"start":{"line":68,"column":6},"end":{"line":68,"column":83}},"type":"if","locations":[{"start":{"line":68,"column":6},"end":{"line":68,"column":83}},{"start":{},"end":{}}],"line":68},"4":{"loc":{"start":{"line":73,"column":6},"end":{"line":73,"column":83}},"type":"if","locations":[{"start":{"line":73,"column":6},"end":{"line":73,"column":83}},{"start":{},"end":{}}],"line":73},"5":{"loc":{"start":{"line":105,"column":4},"end":{"line":105,"column":93}},"type":"if","locations":[{"start":{"line":105,"column":4},"end":{"line":105,"column":93}},{"start":{},"end":{}}],"line":105},"6":{"loc":{"start":{"line":110,"column":6},"end":{"line":110,"column":83}},"type":"if","locations":[{"start":{"line":110,"column":6},"end":{"line":110,"column":83}},{"start":{},"end":{}}],"line":110}},"s":{"0":2,"1":2,"2":2,"3":2,"4":2,"5":1,"6":1,"7":1,"8":0,"9":3,"10":3,"11":3,"12":2,"13":2,"14":2,"15":1,"16":1,"17":0,"18":2,"19":2,"20":2,"21":2,"22":1,"23":2,"24":2,"25":1,"26":1,"27":1,"28":0,"29":7,"30":7,"31":7,"32":7,"33":1,"34":6,"35":6,"36":1,"37":5,"38":5,"39":5,"40":5,"41":0,"42":1,"43":1,"44":0,"45":1,"46":1,"47":1,"48":1,"49":0,"50":1,"51":1,"52":0,"53":1,"54":1},"f":{"0":1,"1":3,"2":2,"3":7,"4":1,"5":1},"b":{"0":[1,0],"1":[1,1],"2":[1,1],"3":[1,6],"4":[1,5],"5":[0,1],"6":[0,1]},"_coverageSchema":"1a1c01bbd47fc00a2c39e90264f33305004495a9","hash":"f83efc9d4363ea9a34e0464b8f838cef285770ef"}
,"/home/super-kiki/Bureau/tp_bi2(v3)/src/controllers/vehicleController.js": {"path":"/home/super-kiki/Bureau/tp_bi2(v3)/src/controllers/vehicleController.js","statementMap":{"0":{"start":{"line":1,"column":16},"end":{"line":1,"column":44}},"1":{"start":{"line":2,"column":15},"end":{"line":2,"column":35}},"2":{"start":{"line":3,"column":34},"end":{"line":3,"column":54}},"3":{"start":{"line":5,"column":0},"end":{"line":90,"column":2}},"4":{"start":{"line":8,"column":4},"end":{"line":13,"column":5}},"5":{"start":{"line":9,"column":19},"end":{"line":9,"column":42}},"6":{"start":{"line":10,"column":6},"end":{"line":10,"column":21}},"7":{"start":{"line":12,"column":6},"end":{"line":12,"column":51}},"8":{"start":{"line":19,"column":4},"end":{"line":30,"column":5}},"9":{"start":{"line":20,"column":16},"end":{"line":20,"column":46}},"10":{"start":{"line":21,"column":6},"end":{"line":21,"column":30}},"11":{"start":{"line":23,"column":6},"end":{"line":29,"column":7}},"12":{"start":{"line":24,"column":8},"end":{"line":26,"column":11}},"13":{"start":{"line":28,"column":8},"end":{"line":28,"column":53}},"14":{"start":{"line":36,"column":4},"end":{"line":46,"column":5}},"15":{"start":{"line":37,"column":18},"end":{"line":37,"column":41}},"16":{"start":{"line":38,"column":24},"end":{"line":40,"column":8}},"17":{"start":{"line":41,"column":6},"end":{"line":41,"column":82}},"18":{"start":{"line":41,"column":20},"end":{"line":41,"column":82}},"19":{"start":{"line":42,"column":16},"end":{"line":42,"column":43}},"20":{"start":{"line":43,"column":6},"end":{"line":43,"column":18}},"21":{"start":{"line":45,"column":6},"end":{"line":45,"column":51}},"22":{"start":{"line":51,"column":4},"end":{"line":60,"column":5}},"23":{"start":{"line":52,"column":18},"end":{"line":52,"column":41}},"24":{"start":{"line":53,"column":22},"end":{"line":55,"column":8}},"25":{"start":{"line":56,"column":6},"end":{"line":56,"column":82}},"26":{"start":{"line":56,"column":20},"end":{"line":56,"column":82}},"27":{"start":{"line":57,"column":6},"end":{"line":57,"column":28}},"28":{"start":{"line":59,"column":6},"end":{"line":59,"column":51}},"29":{"start":{"line":65,"column":4},"end":{"line":72,"column":5}},"30":{"start":{"line":66,"column":18},"end":{"line":66,"column":41}},"31":{"start":{"line":67,"column":16},"end":{"line":67,"column":43}},"32":{"start":{"line":68,"column":6},"end":{"line":68,"column":76}},"33":{"start":{"line":68,"column":14},"end":{"line":68,"column":76}},"34":{"start":{"line":69,"column":6},"end":{"line":69,"column":18}},"35":{"start":{"line":71,"column":6},"end":{"line":71,"column":51}},"36":{"start":{"line":77,"column":16},"end":{"line":77,"column":46}},"37":{"start":{"line":78,"column":16},"end":{"line":78,"column":61}},"38":{"start":{"line":79,"column":4},"end":{"line":88,"column":5}},"39":{"start":{"line":80,"column":19},"end":{"line":84,"column":8}},"40":{"start":{"line":85,"column":6},"end":{"line":85,"column":21}},"41":{"start":{"line":87,"column":6},"end":{"line":87,"column":51}}},"fnMap":{"0":{"name":"(anonymous_0)","decl":{"start":{"line":7,"column":10},"end":{"line":7,"column":11}},"loc":{"start":{"line":7,"column":30},"end":{"line":14,"column":3}},"line":7},"1":{"name":"(anonymous_1)","decl":{"start":{"line":18,"column":10},"end":{"line":18,"column":11}},"loc":{"start":{"line":18,"column":30},"end":{"line":31,"column":3}},"line":18},"2":{"name":"(anonymous_2)","decl":{"start":{"line":35,"column":10},"end":{"line":35,"column":11}},"loc":{"start":{"line":35,"column":30},"end":{"line":47,"column":3}},"line":35},"3":{"name":"(anonymous_3)","decl":{"start":{"line":50,"column":10},"end":{"line":50,"column":11}},"loc":{"start":{"line":50,"column":30},"end":{"line":61,"column":3}},"line":50},"4":{"name":"(anonymous_4)","decl":{"start":{"line":64,"column":21},"end":{"line":64,"column":22}},"loc":{"start":{"line":64,"column":41},"end":{"line":73,"column":3}},"line":64},"5":{"name":"(anonymous_5)","decl":{"start":{"line":76,"column":19},"end":{"line":76,"column":20}},"loc":{"start":{"line":76,"column":39},"end":{"line":89,"column":3}},"line":76}},"branchMap":{"0":{"loc":{"start":{"line":23,"column":6},"end":{"line":29,"column":7}},"type":"if","locations":[{"start":{"line":23,"column":6},"end":{"line":29,"column":7}},{"start":{"line":27,"column":12},"end":{"line":29,"column":7}}],"line":23},"1":{"loc":{"start":{"line":41,"column":6},"end":{"line":41,"column":82}},"type":"if","locations":[{"start":{"line":41,"column":6},"end":{"line":41,"column":82}},{"start":{},"end":{}}],"line":41},"2":{"loc":{"start":{"line":56,"column":6},"end":{"line":56,"column":82}},"type":"if","locations":[{"start":{"line":56,"column":6},"end":{"line":56,"column":82}},{"start":{},"end":{}}],"line":56},"3":{"loc":{"start":{"line":68,"column":6},"end":{"line":68,"column":76}},"type":"if","locations":[{"start":{"line":68,"column":6},"end":{"line":68,"column":76}},{"start":{},"end":{}}],"line":68},"4":{"loc":{"start":{"line":77,"column":16},"end":{"line":77,"column":46}},"type":"binary-expr","locations":[{"start":{"line":77,"column":16},"end":{"line":77,"column":41}},{"start":{"line":77,"column":45},"end":{"line":77,"column":46}}],"line":77},"5":{"loc":{"start":{"line":78,"column":16},"end":{"line":78,"column":61}},"type":"binary-expr","locations":[{"start":{"line":78,"column":16},"end":{"line":78,"column":41}},{"start":{"line":78,"column":45},"end":{"line":78,"column":61}}],"line":78}},"s":{"0":2,"1":2,"2":2,"3":2,"4":1,"5":1,"6":1,"7":0,"8":2,"9":2,"10":1,"11":1,"12":1,"13":0,"14":2,"15":2,"16":2,"17":2,"18":1,"19":1,"20":1,"21":0,"22":2,"23":2,"24":2,"25":2,"26":1,"27":1,"28":0,"29":2,"30":2,"31":2,"32":2,"33":1,"34":1,"35":0,"36":1,"37":1,"38":1,"39":1,"40":1,"41":0},"f":{"0":1,"1":2,"2":2,"3":2,"4":2,"5":1},"b":{"0":[1,0],"1":[1,1],"2":[1,1],"3":[1,1],"4":[1,0],"5":[1,0]},"_coverageSchema":"1a1c01bbd47fc00a2c39e90264f33305004495a9","hash":"96a70b25b02669dfaf3f13bd2160b196f4d5fb9b"}
,"/home/super-kiki/Bureau/tp_bi2(v3)/src/models/user.js": {"path":"/home/super-kiki/Bureau/tp_bi2(v3)/src/models/user.js","statementMap":{"0":{"start":{"line":1,"column":22},"end":{"line":1,"column":42}},"1":{"start":{"line":2,"column":15},"end":{"line":2,"column":32}},"2":{"start":{"line":3,"column":18},"end":{"line":3,"column":47}},"3":{"start":{"line":5,"column":13},"end":{"line":33,"column":2}},"4":{"start":{"line":35,"column":0},"end":{"line":35,"column":22}}},"fnMap":{},"branchMap":{},"s":{"0":2,"1":2,"2":2,"3":2,"4":2},"f":{},"b":{},"_coverageSchema":"1a1c01bbd47fc00a2c39e90264f33305004495a9","hash":"4fa8450a19197795067362d3c748f506cec4038c"}
,"/home/super-kiki/Bureau/tp_bi2(v3)/src/models/vehicle.js": {"path":"/home/super-kiki/Bureau/tp_bi2(v3)/src/models/vehicle.js","statementMap":{"0":{"start":{"line":1,"column":22},"end":{"line":1,"column":42}},"1":{"start":{"line":2,"column":18},"end":{"line":2,"column":47}},"2":{"start":{"line":4,"column":16},"end":{"line":36,"column":2}},"3":{"start":{"line":38,"column":0},"end":{"line":38,"column":25}}},"fnMap":{},"branchMap":{},"s":{"0":2,"1":2,"2":2,"3":2},"f":{},"b":{},"_coverageSchema":"1a1c01bbd47fc00a2c39e90264f33305004495a9","hash":"ac2a277468a15b9501f79212901c00265dd3580a"}
,"/home/super-kiki/Bureau/tp_bi2(v3)/src/routes/userRoutes.js": {"path":"/home/super-kiki/Bureau/tp_bi2(v3)/src/routes/userRoutes.js","statementMap":{"0":{"start":{"line":2,"column":16},"end":{"line":2,"column":34}},"1":{"start":{"line":3,"column":15},"end":{"line":3,"column":31}},"2":{"start":{"line":4,"column":13},"end":{"line":4,"column":53}},"3":{"start":{"line":7,"column":0},"end":{"line":7,"column":38}},"4":{"start":{"line":8,"column":0},"end":{"line":8,"column":34}},"5":{"start":{"line":9,"column":0},"end":{"line":9,"column":38}},"6":{"start":{"line":10,"column":0},"end":{"line":10,"column":36}},"7":{"start":{"line":13,"column":0},"end":{"line":13,"column":29}},"8":{"start":{"line":14,"column":0},"end":{"line":14,"column":32}},"9":{"start":{"line":16,"column":0},"end":{"line":16,"column":24}}},"fnMap":{},"branchMap":{},"s":{"0":2,"1":2,"2":2,"3":2,"4":2,"5":2,"6":2,"7":2,"8":2,"9":2},"f":{},"b":{},"_coverageSchema":"1a1c01bbd47fc00a2c39e90264f33305004495a9","hash":"1c10eaf7a792a3c82cd9a2dbc8fb85731b8c73ec"}
,"/home/super-kiki/Bureau/tp_bi2(v3)/src/routes/vehicleRoutes.js": {"path":"/home/super-kiki/Bureau/tp_bi2(v3)/src/routes/vehicleRoutes.js","statementMap":{"0":{"start":{"line":6,"column":16},"end":{"line":6,"column":34}},"1":{"start":{"line":7,"column":16},"end":{"line":7,"column":32}},"2":{"start":{"line":8,"column":16},"end":{"line":8,"column":59}},"3":{"start":{"line":9,"column":13},"end":{"line":9,"column":56}},"4":{"start":{"line":12,"column":0},"end":{"line":12,"column":56}},"5":{"start":{"line":13,"column":0},"end":{"line":13,"column":58}},"6":{"start":{"line":14,"column":0},"end":{"line":14,"column":47}},"7":{"start":{"line":17,"column":0},"end":{"line":17,"column":53}},"8":{"start":{"line":18,"column":0},"end":{"line":18,"column":53}},"9":{"start":{"line":19,"column":0},"end":{"line":19,"column":53}},"10":{"start":{"line":21,"column":0},"end":{"line":21,"column":24}}},"fnMap":{},"branchMap":{},"s":{"0":2,"1":2,"2":2,"3":2,"4":2,"5":2,"6":2,"7":2,"8":2,"9":2,"10":2},"f":{},"b":{},"_coverageSchema":"1a1c01bbd47fc00a2c39e90264f33305004495a9","hash":"2601c25fe09feb274376bdbfd4c60447039a730d"}
}
