TN:
SF:middlewares/authMiddleware.js
FN:4,(anonymous_0)
FNF:1
FNH:1
FNDA:6,(anonymous_0)
DA:2,2
DA:4,2
DA:5,6
DA:8,6
DA:10,6
DA:12,6
DA:13,6
DA:14,6
DA:15,6
DA:17,0
LF:10
LH:9
BRDA:8,0,0,6
BRDA:8,0,1,6
BRDA:10,1,0,0
BRDA:10,1,1,6
BRF:4
BRH:3
end_of_record
TN:
SF:src/app.js
FN:30,(anonymous_0)
FN:36,(anonymous_1)
FNF:2
FNH:0
FNDA:0,(anonymous_0)
FNDA:0,(anonymous_1)
DA:2,2
DA:3,2
DA:4,2
DA:5,2
DA:6,2
DA:7,2
DA:10,2
DA:11,2
DA:12,2
DA:16,2
DA:20,2
DA:21,2
DA:25,2
DA:26,2
DA:30,2
DA:32,0
DA:36,2
DA:38,0
DA:41,2
DA:42,2
LF:20
LH:18
BRF:0
BRH:0
end_of_record
TN:
SF:src/config/database.js
FNF:0
FNH:0
DA:1,2
DA:2,2
DA:4,2
DA:16,2
LF:4
LH:4
BRF:0
BRH:0
end_of_record
TN:
SF:src/controllers/userController.js
FN:9,(anonymous_0)
FN:19,(anonymous_1)
FN:42,(anonymous_2)
FN:64,(anonymous_3)
FN:103,(anonymous_4)
FN:125,(anonymous_5)
FNF:6
FNH:6
FNDA:1,(anonymous_0)
FNDA:3,(anonymous_1)
FNDA:2,(anonymous_2)
FNDA:7,(anonymous_3)
FNDA:1,(anonymous_4)
FNDA:1,(anonymous_5)
DA:1,2
DA:2,2
DA:3,2
DA:4,2
DA:7,2
DA:10,1
DA:11,1
DA:12,1
DA:14,0
DA:20,3
DA:21,3
DA:22,3
DA:26,2
DA:27,2
DA:29,2
DA:31,1
DA:32,1
DA:36,0
DA:43,2
DA:44,2
DA:45,2
DA:46,2
DA:47,1
DA:49,2
DA:52,2
DA:54,1
DA:57,1
DA:59,0
DA:65,7
DA:66,7
DA:67,7
DA:68,7
DA:72,6
DA:73,6
DA:77,5
DA:83,5
DA:90,5
DA:97,5
DA:99,0
DA:104,1
DA:105,1
DA:107,1
DA:108,1
DA:109,1
DA:110,1
DA:112,1
DA:118,1
DA:120,0
DA:126,1
DA:131,1
LF:50
LH:45
BRDA:31,0,0,1
BRDA:31,0,1,0
BRDA:46,1,0,1
BRDA:46,1,1,1
BRDA:52,2,0,1
BRDA:52,2,1,1
BRDA:68,3,0,1
BRDA:68,3,1,6
BRDA:73,4,0,1
BRDA:73,4,1,5
BRDA:105,5,0,0
BRDA:105,5,1,1
BRDA:110,6,0,0
BRDA:110,6,1,1
BRF:14
BRH:11
end_of_record
TN:
SF:src/controllers/vehicleController.js
FN:7,(anonymous_0)
FN:18,(anonymous_1)
FN:35,(anonymous_2)
FN:50,(anonymous_3)
FN:64,(anonymous_4)
FN:76,(anonymous_5)
FNF:6
FNH:6
FNDA:1,(anonymous_0)
FNDA:2,(anonymous_1)
FNDA:2,(anonymous_2)
FNDA:2,(anonymous_3)
FNDA:2,(anonymous_4)
FNDA:1,(anonymous_5)
DA:1,2
DA:2,2
DA:3,2
DA:5,2
DA:8,1
DA:9,1
DA:10,1
DA:12,0
DA:19,2
DA:20,2
DA:21,1
DA:23,1
DA:24,1
DA:28,0
DA:36,2
DA:37,2
DA:38,2
DA:41,2
DA:42,1
DA:43,1
DA:45,0
DA:51,2
DA:52,2
DA:53,2
DA:56,2
DA:57,1
DA:59,0
DA:65,2
DA:66,2
DA:67,2
DA:68,2
DA:69,1
DA:71,0
DA:77,1
DA:78,1
DA:79,1
DA:80,1
DA:85,1
DA:87,0
LF:39
LH:33
BRDA:23,0,0,1
BRDA:23,0,1,0
BRDA:41,1,0,1
BRDA:41,1,1,1
BRDA:56,2,0,1
BRDA:56,2,1,1
BRDA:68,3,0,1
BRDA:68,3,1,1
BRDA:77,4,0,1
BRDA:77,4,1,0
BRDA:78,5,0,1
BRDA:78,5,1,0
BRF:12
BRH:9
end_of_record
TN:
SF:src/models/user.js
FNF:0
FNH:0
DA:1,2
DA:2,2
DA:3,2
DA:5,2
DA:35,2
LF:5
LH:5
BRF:0
BRH:0
end_of_record
TN:
SF:src/models/vehicle.js
FNF:0
FNH:0
DA:1,2
DA:2,2
DA:4,2
DA:38,2
LF:4
LH:4
BRF:0
BRH:0
end_of_record
TN:
SF:src/routes/userRoutes.js
FNF:0
FNH:0
DA:2,2
DA:3,2
DA:4,2
DA:7,2
DA:8,2
DA:9,2
DA:10,2
DA:13,2
DA:14,2
DA:16,2
LF:10
LH:10
BRF:0
BRH:0
end_of_record
TN:
SF:src/routes/vehicleRoutes.js
FNF:0
FNH:0
DA:6,2
DA:7,2
DA:8,2
DA:9,2
DA:12,2
DA:13,2
DA:14,2
DA:17,2
DA:18,2
DA:19,2
DA:21,2
LF:11
LH:11
BRF:0
BRH:0
end_of_record
